<?xml version="1.0" encoding="UTF-8"?>
<testsuite xmlns:xsi="http://www.w3.org/2001/XMLSchema-instance" xsi:noNamespaceSchemaLocation="https://maven.apache.org/surefire/maven-surefire-plugin/xsd/surefire-test-report.xsd" name="net.javaguides.springboot.RegistrationLoginSpringBootSecurityThymeleafApplicationTests" time="0.413" tests="1" errors="1" skipped="0" failures="0">
  <properties>
[...]
</properties>
  <testcase name="net.javaguides.springboot.RegistrationLoginSpringBootSecurityThymeleafApplicationTests" classname="net.javaguides.springboot.RegistrationLoginSpringBootSecurityThymeleafApplicationTests" time="0.411">
    <error message="Unable to find a @SpringBootConfiguration, you need to use @ContextConfiguration or @SpringBootTest(classes=...) with your test" type="java.lang.IllegalStateException">java.lang.IllegalStateException: Unable to find a @SpringBootConfiguration, you need to use @ContextConfiguration or @SpringBootTest(classes=...) with your test
</error>
    <system-out><![CDATA[13:40:15.342 [main] DEBUG org.springframework.test.context.BootstrapUtils - Instantiating CacheAwareContextLoaderDelegate from class [org.springframework.test.context.cache.DefaultCacheAwareContextLoaderDelegate]
13:40:15.357 [main] DEBUG org.springframework.test.context.BootstrapUtils - Instantiating BootstrapContext using constructor [public org.springframework.test.context.support.DefaultBootstrapContext(java.lang.Class,org.springframework.test.context.CacheAwareContextLoaderDelegate)]
13:40:15.399 [main] DEBUG org.springframework.test.context.BootstrapUtils - Instantiating TestContextBootstrapper for test class [net.javaguides.springboot.RegistrationLoginSpringBootSecurityThymeleafApplicationTests] from class [org.springframework.boot.test.context.SpringBootTestContextBootstrapper]
13:40:15.424 [main] INFO org.springframework.boot.test.context.SpringBootTestContextBootstrapper - Neither @ContextConfiguration nor @ContextHierarchy found for test class [net.javaguides.springboot.RegistrationLoginSpringBootSecurityThymeleafApplicationTests], using SpringBootContextLoader
13:40:15.431 [main] DEBUG org.springframework.test.context.support.AbstractContextLoader - Did not detect default resource location for test class [net.javaguides.springboot.RegistrationLoginSpringBootSecurityThymeleafApplicationTests]: class path resource [net/javaguides/springboot/RegistrationLoginSpringBootSecurityThymeleafApplicationTests-context.xml] does not exist
13:40:15.432 [main] DEBUG org.springframework.test.context.support.AbstractContextLoader - Did not detect default resource location for test class [net.javaguides.springboot.RegistrationLoginSpringBootSecurityThymeleafApplicationTests]: class path resource [net/javaguides/springboot/RegistrationLoginSpringBootSecurityThymeleafApplicationTestsContext.groovy] does not exist
13:40:15.432 [main] INFO org.springframework.test.context.support.AbstractContextLoader - Could not detect default resource locations for test class [net.javaguides.springboot.RegistrationLoginSpringBootSecurityThymeleafApplicationTests]: no resource found for suffixes {-context.xml, Context.groovy}.
13:40:15.433 [main] INFO org.springframework.test.context.support.AnnotationConfigContextLoaderUtils - Could not detect default configuration classes for test class [net.javaguides.springboot.RegistrationLoginSpringBootSecurityThymeleafApplicationTests]: RegistrationLoginSpringBootSecurityThymeleafApplicationTests does not declare any static, non-private, non-final, nested classes annotated with @Configuration.
13:40:15.486 [main] DEBUG org.springframework.test.context.support.ActiveProfilesUtils - Could not find an 'annotation declaring class' for annotation type [org.springframework.test.context.ActiveProfiles] and class [net.javaguides.springboot.RegistrationLoginSpringBootSecurityThymeleafApplicationTests]
13:40:15.560 [main] DEBUG org.springframework.test.context.BootstrapUtils - Instantiating CacheAwareContextLoaderDelegate from class [org.springframework.test.context.cache.DefaultCacheAwareContextLoaderDelegate]
13:40:15.560 [main] DEBUG org.springframework.test.context.BootstrapUtils - Instantiating BootstrapContext using constructor [public org.springframework.test.context.support.DefaultBootstrapContext(java.lang.Class,org.springframework.test.context.CacheAwareContextLoaderDelegate)]
13:40:15.561 [main] DEBUG org.springframework.test.context.BootstrapUtils - Instantiating TestContextBootstrapper for test class [net.javaguides.springboot.RegistrationLoginSpringBootSecurityThymeleafApplicationTests] from class [org.springframework.boot.test.context.SpringBootTestContextBootstrapper]
13:40:15.562 [main] INFO org.springframework.boot.test.context.SpringBootTestContextBootstrapper - Neither @ContextConfiguration nor @ContextHierarchy found for test class [net.javaguides.springboot.RegistrationLoginSpringBootSecurityThymeleafApplicationTests], using SpringBootContextLoader
13:40:15.565 [main] DEBUG org.springframework.test.context.support.AbstractContextLoader - Did not detect default resource location for test class [net.javaguides.springboot.RegistrationLoginSpringBootSecurityThymeleafApplicationTests]: class path resource [net/javaguides/springboot/RegistrationLoginSpringBootSecurityThymeleafApplicationTests-context.xml] does not exist
13:40:15.565 [main] DEBUG org.springframework.test.context.support.AbstractContextLoader - Did not detect default resource location for test class [net.javaguides.springboot.RegistrationLoginSpringBootSecurityThymeleafApplicationTests]: class path resource [net/javaguides/springboot/RegistrationLoginSpringBootSecurityThymeleafApplicationTestsContext.groovy] does not exist
13:40:15.566 [main] INFO org.springframework.test.context.support.AbstractContextLoader - Could not detect default resource locations for test class [net.javaguides.springboot.RegistrationLoginSpringBootSecurityThymeleafApplicationTests]: no resource found for suffixes {-context.xml, Context.groovy}.
13:40:15.566 [main] INFO org.springframework.test.context.support.AnnotationConfigContextLoaderUtils - Could not detect default configuration classes for test class [net.javaguides.springboot.RegistrationLoginSpringBootSecurityThymeleafApplicationTests]: RegistrationLoginSpringBootSecurityThymeleafApplicationTests does not declare any static, non-private, non-final, nested classes annotated with @Configuration.
13:40:15.568 [main] DEBUG org.springframework.test.context.support.ActiveProfilesUtils - Could not find an 'annotation declaring class' for annotation type [org.springframework.test.context.ActiveProfiles] and class [net.javaguides.springboot.RegistrationLoginSpringBootSecurityThymeleafApplicationTests]
13:40:15.590 [main] DEBUG org.springframework.test.context.BootstrapUtils - Instantiating CacheAwareContextLoaderDelegate from class [org.springframework.test.context.cache.DefaultCacheAwareContextLoaderDelegate]
13:40:15.591 [main] DEBUG org.springframework.test.context.BootstrapUtils - Instantiating BootstrapContext using constructor [public org.springframework.test.context.support.DefaultBootstrapContext(java.lang.Class,org.springframework.test.context.CacheAwareContextLoaderDelegate)]
13:40:15.592 [main] DEBUG org.springframework.test.context.BootstrapUtils - Instantiating TestContextBootstrapper for test class [net.javaguides.springboot.RegistrationLoginSpringBootSecurityThymeleafApplicationTests] from class [org.springframework.boot.test.context.SpringBootTestContextBootstrapper]
13:40:15.595 [main] INFO org.springframework.boot.test.context.SpringBootTestContextBootstrapper - Neither @ContextConfiguration nor @ContextHierarchy found for test class [net.javaguides.springboot.RegistrationLoginSpringBootSecurityThymeleafApplicationTests], using SpringBootContextLoader
13:40:15.596 [main] DEBUG org.springframework.test.context.support.AbstractContextLoader - Did not detect default resource location for test class [net.javaguides.springboot.RegistrationLoginSpringBootSecurityThymeleafApplicationTests]: class path resource [net/javaguides/springboot/RegistrationLoginSpringBootSecurityThymeleafApplicationTests-context.xml] does not exist
13:40:15.597 [main] DEBUG org.springframework.test.context.support.AbstractContextLoader - Did not detect default resource location for test class [net.javaguides.springboot.RegistrationLoginSpringBootSecurityThymeleafApplicationTests]: class path resource [net/javaguides/springboot/RegistrationLoginSpringBootSecurityThymeleafApplicationTestsContext.groovy] does not exist
13:40:15.597 [main] INFO org.springframework.test.context.support.AbstractContextLoader - Could not detect default resource locations for test class [net.javaguides.springboot.RegistrationLoginSpringBootSecurityThymeleafApplicationTests]: no resource found for suffixes {-context.xml, Context.groovy}.
13:40:15.598 [main] INFO org.springframework.test.context.support.AnnotationConfigContextLoaderUtils - Could not detect default configuration classes for test class [net.javaguides.springboot.RegistrationLoginSpringBootSecurityThymeleafApplicationTests]: RegistrationLoginSpringBootSecurityThymeleafApplicationTests does not declare any static, non-private, non-final, nested classes annotated with @Configuration.
13:40:15.600 [main] DEBUG org.springframework.test.context.support.ActiveProfilesUtils - Could not find an 'annotation declaring class' for annotation type [org.springframework.test.context.ActiveProfiles] and class [net.javaguides.springboot.RegistrationLoginSpringBootSecurityThymeleafApplicationTests]
]]></system-out>
  </testcase>
</testsuite>